<?xml version="1.0" encoding="UTF-8"?>
<!-- Generated by org.testng.reporters.JUnitXMLReporter -->
<testsuite hostname="ws-lv-cp2258" ignored="0" name="MainPage" tests="3" failures="1" timestamp="24 лют. 2017 13:00:15 GMT" time="63.275" errors="0">
  <testcase name="isMainPageOpened_test" time="0.611" classname="eleks.com.pages_tests.MainPage_Test"/>
  <testcase name="positive_loginAs_test" time="36.561" classname="eleks.com.pages_tests.MainPage_Test"/>
  <testcase name="negative_loginAs_test" time="20.909" classname="eleks.com.pages_tests.MainPage_Test">
    <failure type="java.lang.AssertionError" message="expected [true] but found [false]">
      <![CDATA[java.lang.AssertionError: expected [true] but found [false]
	at eleks.com.pages_tests.MainPage_Test.negative_loginAs_test(MainPage_Test.java:42)
... Removed 29 stack frames]]>
    </failure>
  </testcase> <!-- negative_loginAs_test -->
</testsuite> <!-- MainPage -->
