<?xml version="1.0" encoding="UTF-8"?>
<testsuite xmlns:xsi="http://www.w3.org/2001/XMLSchema-instance" xsi:schemaLocation="https://maven.apache.org/surefire/maven-surefire-plugin/xsd/surefire-test-report.xsd" name="TestSuite" time="36.777" tests="2" errors="0" skipped="0" failures="1">
  <properties>
[...]
</properties>
  <testcase name="positive_loginAs_test" classname="eleks.com.pages_tests.MainPage_Test" time="8.088"/>
  <testcase name="negative_loginAs_test" classname="eleks.com.pages_tests.MainPage_Test" time="21.916">
    <failure message="expected [true] but found [false]" type="java.lang.AssertionError">java.lang.AssertionError: expected [true] but found [false]
	at eleks.com.pages_tests.MainPage_Test.negative_loginAs_test(MainPage_Test.java:40)
</failure>
    <system-out><![CDATA[Success TestCase: positive_loginAs_test
negative_loginAs_test started test
]]></system-out>
  </testcase>
</testsuite>