-------------------------------------------------------------------------------
Test set: TestSuite
-------------------------------------------------------------------------------
Tests run: 2, Failures: 1, Errors: 0, Skipped: 0, Time elapsed: 36.777 sec <<< FAILURE! - in TestSuite
negative_loginAs_test(eleks.com.pages_tests.MainPage_Test)  Time elapsed: 21.916 sec  <<< FAILURE!
java.lang.AssertionError: expected [true] but found [false]
	at eleks.com.pages_tests.MainPage_Test.negative_loginAs_test(MainPage_Test.java:40)

